# JRE version: OpenJDK Runtime Environment (8.0_242-b01) (build 1.8.0_242-release-1644-b01)
# Java VM: OpenJDK 64-Bit Server VM (25.242-b01 mixed mode windows-amd64 compressed oops)
Heap:
 PSYoungGen      total 358400K, used 242709K [0x00000000d5580000, 0x00000000ef400000, 0x0000000100000000)
  eden space 297472K, 68% used [0x00000000d5580000,0x00000000e1b2dca0,0x00000000e7800000)
  from space 60928K, 66% used [0x00000000eb780000,0x00000000eded79c0,0x00000000ef300000)
  to   space 63488K, 0% used [0x00000000e7800000,0x00000000e7800000,0x00000000eb600000)
 ParOldGen       total 162304K, used 112985K [0x0000000080000000, 0x0000000089e80000, 0x00000000d5580000)
  object space 162304K, 69% used [0x0000000080000000,0x0000000086e56510,0x0000000089e80000)
 Metaspace       used 94303K, capacity 99948K, committed 100016K, reserved 1136640K
  class space    used 12193K, capacity 13201K, committed 13232K, reserved 1048576K
GC Heap History (10 events):
Event: 3178.818 GC heap before
{Heap before GC invocations=28 (full 4):
 PSYoungGen      total 281088K, used 262080K [0x00000000d5580000, 0x00000000e9d00000, 0x0000000100000000)
  eden space 252416K, 100% used [0x00000000d5580000,0x00000000e4c00000,0x00000000e4c00000)
  from space 28672K, 33% used [0x00000000e4c00000,0x00000000e5570020,0x00000000e6800000)
  to   space 27136K, 0% used [0x00000000e8280000,0x00000000e8280000,0x00000000e9d00000)
 ParOldGen       total 162304K, used 56778K [0x0000000080000000, 0x0000000089e80000, 0x00000000d5580000)
  object space 162304K, 34% used [0x0000000080000000,0x0000000083772bb0,0x0000000089e80000)
 Metaspace       used 92354K, capacity 96816K, committed 97200K, reserved 1134592K
  class space    used 12013K, capacity 12877K, committed 12976K, reserved 1048576K
Event: 3178.939 GC heap after
Heap after GC invocations=28 (full 4):
 PSYoungGen      total 257024K, used 13323K [0x00000000d5580000, 0x00000000e9000000, 0x0000000100000000)
  eden space 243200K, 0% used [0x00000000d5580000,0x00000000d5580000,0x00000000e4300000)
  from space 13824K, 96% used [0x00000000e8280000,0x00000000e8f82ed0,0x00000000e9000000)
  to   space 26624K, 0% used [0x00000000e5c00000,0x00000000e5c00000,0x00000000e7600000)
 ParOldGen       total 162304K, used 56786K [0x0000000080000000, 0x0000000089e80000, 0x00000000d5580000)
  object space 162304K, 34% used [0x0000000080000000,0x0000000083774bb0,0x0000000089e80000)
 Metaspace       used 92354K, capacity 96816K, committed 97200K, reserved 1134592K
  class space    used 12013K, capacity 12877K, committed 12976K, reserved 1048576K
}
Event: 3182.235 GC heap before
{Heap before GC invocations=29 (full 4):
 PSYoungGen      total 257024K, used 256523K [0x00000000d5580000, 0x00000000e9000000, 0x0000000100000000)
  eden space 243200K, 100% used [0x00000000d5580000,0x00000000e4300000,0x00000000e4300000)
  from space 13824K, 96% used [0x00000000e8280000,0x00000000e8f82ed0,0x00000000e9000000)
  to   space 26624K, 0% used [0x00000000e5c00000,0x00000000e5c00000,0x00000000e7600000)
 ParOldGen       total 162304K, used 56786K [0x0000000080000000, 0x0000000089e80000, 0x00000000d5580000)
  object space 162304K, 34% used [0x0000000080000000,0x0000000083774bb0,0x0000000089e80000)
 Metaspace       used 92579K, capacity 97076K, committed 97456K, reserved 1134592K
  class space    used 12014K, capacity 12877K, committed 12976K, reserved 1048576K
Event: 3182.451 GC heap after
Heap after GC invocations=29 (full 4):
 PSYoungGen      total 295424K, used 26607K [0x00000000d5580000, 0x00000000ebb00000, 0x0000000100000000)
  eden space 268800K, 0% used [0x00000000d5580000,0x00000000d5580000,0x00000000e5c00000)
  from space 26624K, 99% used [0x00000000e5c00000,0x00000000e75fbde8,0x00000000e7600000)
  to   space 40960K, 0% used [0x00000000e9300000,0x00000000e9300000,0x00000000ebb00000)
 ParOldGen       total 162304K, used 84260K [0x0000000080000000, 0x0000000089e80000, 0x00000000d5580000)
  object space 162304K, 51% used [0x0000000080000000,0x0000000085249318,0x0000000089e80000)
 Metaspace       used 92579K, capacity 97076K, committed 97456K, reserved 1134592K
  class space    used 12014K, capacity 12877K, committed 12976K, reserved 1048576K
}
Event: 3932.634 GC heap before
{Heap before GC invocations=30 (full 4):
 PSYoungGen      total 295424K, used 295407K [0x00000000d5580000, 0x00000000ebb00000, 0x0000000100000000)
  eden space 268800K, 100% used [0x00000000d5580000,0x00000000e5c00000,0x00000000e5c00000)
  from space 26624K, 99% used [0x00000000e5c00000,0x00000000e75fbde8,0x00000000e7600000)
  to   space 40960K, 0% used [0x00000000e9300000,0x00000000e9300000,0x00000000ebb00000)
 ParOldGen       total 162304K, used 84260K [0x0000000080000000, 0x0000000089e80000, 0x00000000d5580000)
  object space 162304K, 51% used [0x0000000080000000,0x0000000085249318,0x0000000089e80000)
 Metaspace       used 92959K, capacity 97582K, committed 97712K, reserved 1134592K
  class space    used 12041K, capacity 12924K, committed 12976K, reserved 1048576K
Event: 3932.802 GC heap after
Heap after GC invocations=30 (full 4):
 PSYoungGen      total 308224K, used 40943K [0x00000000d5580000, 0x00000000ef380000, 0x0000000100000000)
  eden space 267264K, 0% used [0x00000000d5580000,0x00000000d5580000,0x00000000e5a80000)
  from space 40960K, 99% used [0x00000000e9300000,0x00000000ebafbc30,0x00000000ebb00000)
  to   space 57856K, 0% used [0x00000000e5a80000,0x00000000e5a80000,0x00000000e9300000)
 ParOldGen       total 162304K, used 112361K [0x0000000080000000, 0x0000000089e80000, 0x00000000d5580000)
  object space 162304K, 69% used [0x0000000080000000,0x0000000086dba4d0,0x0000000089e80000)
 Metaspace       used 92959K, capacity 97582K, committed 97712K, reserved 1134592K
  class space    used 12041K, capacity 12924K, committed 12976K, reserved 1048576K
}
Event: 3986.897 GC heap before
{Heap before GC invocations=31 (full 4):
 PSYoungGen      total 308224K, used 308207K [0x00000000d5580000, 0x00000000ef380000, 0x0000000100000000)
  eden space 267264K, 100% used [0x00000000d5580000,0x00000000e5a80000,0x00000000e5a80000)
  from space 40960K, 99% used [0x00000000e9300000,0x00000000ebafbc30,0x00000000ebb00000)
  to   space 57856K, 0% used [0x00000000e5a80000,0x00000000e5a80000,0x00000000e9300000)
 ParOldGen       total 162304K, used 112361K [0x0000000080000000, 0x0000000089e80000, 0x00000000d5580000)
  object space 162304K, 69% used [0x0000000080000000,0x0000000086dba4d0,0x0000000089e80000)
 Metaspace       used 93893K, capacity 99602K, committed 99760K, reserved 1136640K
  class space    used 12190K, capacity 13198K, committed 13232K, reserved 1048576K
Event: 3987.014 GC heap after
Heap after GC invocations=31 (full 4):
 PSYoungGen      total 325120K, used 38557K [0x00000000d5580000, 0x00000000ef300000, 0x0000000100000000)
  eden space 267264K, 0% used [0x00000000d5580000,0x00000000d5580000,0x00000000e5a80000)
  from space 57856K, 66% used [0x00000000e5a80000,0x00000000e8027430,0x00000000e9300000)
  to   space 60928K, 0% used [0x00000000eb780000,0x00000000eb780000,0x00000000ef300000)
 ParOldGen       total 162304K, used 112977K [0x0000000080000000, 0x0000000089e80000, 0x00000000d5580000)
  object space 162304K, 69% used [0x0000000080000000,0x0000000086e54510,0x0000000089e80000)
 Metaspace       used 93893K, capacity 99602K, committed 99760K, reserved 1136640K
  class space    used 12190K, capacity 13198K, committed 13232K, reserved 1048576K
}
Event: 4949.182 GC heap before
{Heap before GC invocations=32 (full 4):
 PSYoungGen      total 325120K, used 305821K [0x00000000d5580000, 0x00000000ef300000, 0x0000000100000000)
  eden space 267264K, 100% used [0x00000000d5580000,0x00000000e5a80000,0x00000000e5a80000)
  from space 57856K, 66% used [0x00000000e5a80000,0x00000000e8027430,0x00000000e9300000)
  to   space 60928K, 0% used [0x00000000eb780000,0x00000000eb780000,0x00000000ef300000)
 ParOldGen       total 162304K, used 112977K [0x0000000080000000, 0x0000000089e80000, 0x00000000d5580000)
  object space 162304K, 69% used [0x0000000080000000,0x0000000086e54510,0x0000000089e80000)
 Metaspace       used 94109K, capacity 99670K, committed 99760K, reserved 1136640K
  class space    used 12192K, capacity 13198K, committed 13232K, reserved 1048576K
Event: 4951.419 GC heap after
Heap after GC invocations=32 (full 4):
 PSYoungGen      total 358400K, used 40286K [0x00000000d5580000, 0x00000000ef400000, 0x0000000100000000)
  eden space 297472K, 0% used [0x00000000d5580000,0x00000000d5580000,0x00000000e7800000)
  from space 60928K, 66% used [0x00000000eb780000,0x00000000eded79c0,0x00000000ef300000)
  to   space 63488K, 0% used [0x00000000e7800000,0x00000000e7800000,0x00000000eb600000)
 ParOldGen       total 162304K, used 112985K [0x0000000080000000, 0x0000000089e80000, 0x00000000d5580000)
  object space 162304K, 69% used [0x0000000080000000,0x0000000086e56510,0x0000000089e80000)
 Metaspace       used 94109K, capacity 99670K, committed 99760K, reserved 1136640K
  class space    used 12192K, capacity 13198K, committed 13232K, reserved 1048576K
}

